Arguments: 
  C:\Program Files\nodejs\node.exe C:\Users\doohe\AppData\Roaming\npm\node_modules\yarn\bin\yarn.js add yazul

PATH: 
  C:\Program Files\Python38\Scripts\;C:\Program Files\Python38\;C:\Program Files (x86)\Common Files\Oracle\Java\javapath;C:\Program Files (x86)\Intel\Intel(R) Management Engine Components\iCLS\;C:\Program Files\Intel\Intel(R) Management Engine Components\iCLS\;C:\Program Files (x86)\NetSarang\Xftp 6\;C:\Program Files (x86)\NetSarang\Xshell 6\;C:\WINDOWS\system32;C:\WINDOWS;C:\WINDOWS\System32\Wbem;C:\WINDOWS\System32\WindowsPowerShell\v1.0\;C:\WINDOWS\System32\OpenSSH\;C:\Program Files\Intel\WiFi\bin\;C:\Program Files\Common Files\Intel\WirelessCommon\;C:\Program Files\Git\cmd;C:\Program Files\Java\jdk1.8.0_181\bin;C:\Program Files\Microsoft VS Code Insiders\bin;C:\Program Files\dotnet\;C:\Program Files\ojdkbuild\java-1.8.0-openjdk-1.8.0.201-1\bin;C:\Program Files (x86)\Intel\Intel(R) Management Engine Components\DAL;C:\Program Files\Intel\Intel(R) Management Engine Components\DAL;C:\Users\doohe\AppData\Local\Microsoft\WindowsApps;C:\Program Files\Bandizip\;C:\Users\doohe\AppData\Local\G;C:\Go\bin;C:\Program Files\Git LFS;C:\WINDOWS\system32;C:\WINDOWS;C:\WINDOWS\System32\Wbem;C:\WINDOWS\System32\WindowsPowerShell\v1.0\;C:\WINDOWS\System32\OpenSSH\;C:\Program Files\PuTTY\;C:\Program Files (x86)\Windows Kits\8.1\Windows Performance Toolkit\;C:\Program Files\ffmpeg\bin;C:\Program Files (x86)\Brackets\command;C:\Program Files\nodejs\;C:\Users\doohe\AppData\Local\Yarn\Data\global\node_modules\.bin;C:\Program Files (x86)\Common Files\Oracle\Java\javapath;C:\Program Files (x86)\Intel\Intel(R) Management Engine Components\iCLS\;C:\Program Files\Intel\Intel(R) Management Engine Components\iCLS\;C:\Program Files (x86)\NetSarang\Xftp 6\;C:\Program Files (x86)\NetSarang\Xshell 6\;C:\Program Files\Python36\Scripts\;C:\Program Files\Python36\;C:\WINDOWS\system32;C:\WINDOWS;C:\WINDOWS\System32\Wbem;C:\WINDOWS\System32\WindowsPowerShell\v1.0\;C:\WINDOWS\System32\OpenSSH\;C:\Program Files\PuTTY\;C:\Program Files\Intel\WiFi\bin\;C:\Program Files\Common Files\Intel\WirelessCommon\;C:\Program Files\Git\cmd;C:\Program Files\Java\jdk1.8.0_181\bin;C:\Program Files\Microsoft VS Code Insiders\bin;C:\Program Files\dotnet\;C:\Program Files\ojdkbuild\java-1.8.0-openjdk-1.8.0.201-1\bin;C:\Program Files (x86)\Intel\Intel(R) Management Engine Components\DAL;C:\Program Files\Intel\Intel(R) Management Engine Components\DAL;C:\Users\doohe\AppData\Local\Microsoft\WindowsApps;C:\Program Files\Bandizip\;C:\Users\doohe\Flutter_SDK\flutter\bin;C:\Program Files\ffmpeg\bin;C:\Users\doohe\AppData\Roaming\npm;C:\Users\doohe\AppData\Local\Yarn\Data\global\node_modules\.bin;

Yarn version: 
  1.22.0

Node version: 
  12.13.0

Platform: 
  win32 x64

Trace: 
  Error: https://registry.yarnpkg.com/yazul: Not found
      at Request.params.callback [as _callback] (C:\Users\doohe\AppData\Roaming\npm\node_modules\yarn\lib\cli.js:66975:18)
      at Request.self.callback (C:\Users\doohe\AppData\Roaming\npm\node_modules\yarn\lib\cli.js:140727:22)
      at Request.emit (events.js:210:5)
      at Request.<anonymous> (C:\Users\doohe\AppData\Roaming\npm\node_modules\yarn\lib\cli.js:141699:10)
      at Request.emit (events.js:210:5)
      at IncomingMessage.<anonymous> (C:\Users\doohe\AppData\Roaming\npm\node_modules\yarn\lib\cli.js:141621:12)
      at Object.onceWrapper (events.js:299:28)
      at IncomingMessage.emit (events.js:215:7)
      at endReadableNT (_stream_readable.js:1183:12)
      at processTicksAndRejections (internal/process/task_queues.js:80:21)

npm manifest: 
  No manifest

yarn manifest: 
  No manifest

Lockfile: 
  No lockfile
